CRITICAL: 2015-06-10 17:29:59,444: crawl 8089 [aladdin_crawler.py:306] path ../conf/site.dict file does exist!
INFO: 2015-06-10 17:29:59,446: crawl 8089 [aladdin_crawler.py:443] crawler starts crawling
CRITICAL: 2015-06-10 17:29:59,447: crawl 8091 [aladdin_crawler.py:306] path ../conf/site.dict file does exist!
INFO: 2015-06-10 17:29:59,448: crawl 8091 [aladdin_crawler.py:443] crawler starts crawling
CRITICAL: 2015-06-10 17:29:59,450: crawl 8083 [aladdin_crawler.py:306] path ../conf/site.dict file does exist!
INFO: 2015-06-10 17:29:59,451: crawl 8083 [aladdin_crawler.py:443] crawler starts crawling
CRITICAL: 2015-06-10 17:29:59,454: crawl 8085 [aladdin_crawler.py:306] path ../conf/site.dict file does exist!
INFO: 2015-06-10 17:29:59,456: crawl 8085 [aladdin_crawler.py:443] crawler starts crawling
CRITICAL: 2015-06-10 17:29:59,477: crawl 8097 [aladdin_crawler.py:306] path ../conf/site.dict file does exist!
INFO: 2015-06-10 17:29:59,478: crawl 8097 [aladdin_crawler.py:443] crawler starts crawling
CRITICAL: 2015-06-10 17:29:59,538: crawl 8103 [aladdin_crawler.py:306] path ../conf/site.dict file does exist!
INFO: 2015-06-10 17:29:59,539: crawl 8103 [aladdin_crawler.py:443] crawler starts crawling
CRITICAL: 2015-06-10 17:29:59,539: crawl 8087 [aladdin_crawler.py:306] path ../conf/site.dict file does exist!
INFO: 2015-06-10 17:29:59,541: crawl 8087 [aladdin_crawler.py:443] crawler starts crawling
CRITICAL: 2015-06-10 17:29:59,561: crawl 8093 [aladdin_crawler.py:306] path ../conf/site.dict file does exist!
INFO: 2015-06-10 17:29:59,562: crawl 8093 [aladdin_crawler.py:443] crawler starts crawling
CRITICAL: 2015-06-10 17:29:59,568: crawl 8095 [aladdin_crawler.py:306] path ../conf/site.dict file does exist!
INFO: 2015-06-10 17:29:59,570: crawl 8095 [aladdin_crawler.py:443] crawler starts crawling
CRITICAL: 2015-06-10 17:29:59,591: crawl 8099 [aladdin_crawler.py:306] path ../conf/site.dict file does exist!
INFO: 2015-06-10 17:29:59,592: crawl 8099 [aladdin_crawler.py:443] crawler starts crawling
CRITICAL: 2015-06-10 17:29:59,608: crawl 8101 [aladdin_crawler.py:306] path ../conf/site.dict file does exist!
INFO: 2015-06-10 17:29:59,610: crawl 8101 [aladdin_crawler.py:443] crawler starts crawling
INFO: 2015-06-10 17:29:59,659: crawl 8085 [aladdin_crawler.py:109] tid[8085_2] data_id[/home/users/ligang01/duanjiawang/zuozongming/project/003spider_monitor/aladdin_query_check/data/crawler_query.dict.sub_001_line=101_idx=200_sample] url[top gear 全集] is processed
INFO: 2015-06-10 17:29:59,705: crawl 8097 [aladdin_crawler.py:109] tid[8097_2] data_id[/home/users/ligang01/duanjiawang/zuozongming/project/003spider_monitor/aladdin_query_check/data/crawler_query.dict.sub_007_line=101_idx=200_sample] url[跑男] is processed
INFO: 2015-06-10 17:29:59,784: crawl 8101 [aladdin_crawler.py:109] tid[8101_2] data_id[/home/users/ligang01/duanjiawang/zuozongming/project/003spider_monitor/aladdin_query_check/data/crawler_query.dict.sub_009_line=101_idx=200_sample] url[披头士的密码] is processed
INFO: 2015-06-10 17:29:59,787: crawl 8091 [aladdin_crawler.py:109] tid[8091_2] data_id[/home/users/ligang01/duanjiawang/zuozongming/project/003spider_monitor/aladdin_query_check/data/crawler_query.dict.sub_004_line=101_idx=200_sample] url[一日三餐韩国综艺] is processed
INFO: 2015-06-10 17:29:59,794: crawl 8095 [aladdin_crawler.py:109] tid[8095_2] data_id[/home/users/ligang01/duanjiawang/zuozongming/project/003spider_monitor/aladdin_query_check/data/crawler_query.dict.sub_006_line=101_idx=200_sample] url[奔跑吧兄弟在线直播] is processed
INFO: 2015-06-10 17:29:59,893: crawl 8099 [aladdin_crawler.py:109] tid[8099_2] data_id[/home/users/ligang01/duanjiawang/zuozongming/project/003spider_monitor/aladdin_query_check/data/crawler_query.dict.sub_008_line=101_idx=200_sample] url[喜剧狂] is processed
INFO: 2015-06-10 17:29:59,968: crawl 8087 [aladdin_crawler.py:109] tid[8087_2] data_id[/home/users/ligang01/duanjiawang/zuozongming/project/003spider_monitor/aladdin_query_check/data/crawler_query.dict.sub_002_line=101_idx=200_sample] url[花儿与少年最新一期] is processed
INFO: 2015-06-10 17:30:00,396: crawl 8083 [aladdin_crawler.py:109] tid[8083_2] data_id[/home/users/ligang01/duanjiawang/zuozongming/project/003spider_monitor/aladdin_query_check/data/crawler_query.dict.sub_000_line=101_idx=200_sample] url[爸爸胡回来了] is processed
INFO: 2015-06-10 17:30:00,409: crawl 8103 [aladdin_crawler.py:109] tid[8103_0] data_id[/home/users/ligang01/duanjiawang/zuozongming/project/003spider_monitor/aladdin_query_check/data/crawler_query.dict.sub_010_line=1_idx=0_sample] url[我们都爱笑腾讯] is processed
WARNING: 2015-06-10 17:30:00,507: crawl 8091 [aladdin_crawler.py:102] data_id[/home/users/ligang01/duanjiawang/zuozongming/project/003spider_monitor/aladdin_query_check/data/crawler_query.dict.sub_004_line=104_idx=207_online] url[三史三餐] downloading is failed, fail to load json string
INFO: 2015-06-10 17:30:00,630: crawl 8089 [aladdin_crawler.py:109] tid[8089_2] data_id[/home/users/ligang01/duanjiawang/zuozongming/project/003spider_monitor/aladdin_query_check/data/crawler_query.dict.sub_003_line=101_idx=200_sample] url[超演说] is processed
INFO: 2015-06-10 17:30:00,988: crawl 8103 [aladdin_crawler.py:540] crawler finishes crawling
WARNING: 2015-06-10 17:30:03,015: crawl 8087 [aladdin_crawler.py:102] data_id[/home/users/ligang01/duanjiawang/zuozongming/project/003spider_monitor/aladdin_query_check/data/crawler_query.dict.sub_002_line=113_idx=224_sample] url[花儿与少年\] downloading is failed, fail to load json string
INFO: 2015-06-10 17:30:03,157: crawl 8093 [aladdin_crawler.py:109] tid[8093_2] data_id[/home/users/ligang01/duanjiawang/zuozongming/project/003spider_monitor/aladdin_query_check/data/crawler_query.dict.sub_005_line=101_idx=200_sample] url[pnyk] is processed
WARNING: 2015-06-10 17:30:03,986: crawl 8083 [aladdin_crawler.py:102] data_id[/home/users/ligang01/duanjiawang/zuozongming/project/003spider_monitor/aladdin_query_check/data/crawler_query.dict.sub_000_line=115_idx=229_online] url[爸爸会拉饿了] downloading is failed, fail to load json string
WARNING: 2015-06-10 17:30:04,786: crawl 8089 [aladdin_crawler.py:102] data_id[/home/users/ligang01/duanjiawang/zuozongming/project/003spider_monitor/aladdin_query_check/data/crawler_query.dict.sub_003_line=111_idx=221_online] url[赵级演说家] downloading is failed, fail to load json string
WARNING: 2015-06-10 17:30:09,843: crawl 8095 [aladdin_crawler.py:102] data_id[/home/users/ligang01/duanjiawang/zuozongming/project/003spider_monitor/aladdin_query_check/data/crawler_query.dict.sub_006_line=130_idx=259_online] url[奔跑吧兄弟 视频] downloading is failed, fail to load json string
WARNING: 2015-06-10 17:30:10,324: crawl 8083 [aladdin_crawler.py:102] data_id[/home/users/ligang01/duanjiawang/zuozongming/project/003spider_monitor/aladdin_query_check/data/crawler_query.dict.sub_000_line=135_idx=268_sample] url[阿爸回来了] downloading is failed, fail to load json string
WARNING: 2015-06-10 17:30:11,292: crawl 8089 [aladdin_crawler.py:102] data_id[/home/users/ligang01/duanjiawang/zuozongming/project/003spider_monitor/aladdin_query_check/data/crawler_query.dict.sub_003_line=127_idx=253_online] url[wshichaojiyanshuojia] downloading is failed, fail to load json string
INFO: 2015-06-10 17:30:13,842: crawl 8087 [aladdin_crawler.py:109] tid[8087_2] data_id[/home/users/ligang01/duanjiawang/zuozongming/project/003spider_monitor/aladdin_query_check/data/crawler_query.dict.sub_002_line=151_idx=300_sample] url[花 儿与少年] is processed
WARNING: 2015-06-10 17:30:14,755: crawl 8089 [aladdin_crawler.py:102] data_id[/home/users/ligang01/duanjiawang/zuozongming/project/003spider_monitor/aladdin_query_check/data/crawler_query.dict.sub_003_line=135_idx=268_sample] url[超级演说家\] downloading is failed, fail to load json string
WARNING: 2015-06-10 17:30:14,878: crawl 8089 [aladdin_crawler.py:102] data_id[/home/users/ligang01/duanjiawang/zuozongming/project/003spider_monitor/aladdin_query_check/data/crawler_query.dict.sub_003_line=135_idx=269_online] url[超级演说家\] downloading is failed, fail to load json string
INFO: 2015-06-10 17:30:15,634: crawl 8083 [aladdin_crawler.py:109] tid[8083_1] data_id[/home/users/ligang01/duanjiawang/zuozongming/project/003spider_monitor/aladdin_query_check/data/crawler_query.dict.sub_000_line=151_idx=300_sample] url[b爸爸回来了] is processed
WARNING: 2015-06-10 17:30:16,170: crawl 8091 [aladdin_crawler.py:102] data_id[/home/users/ligang01/duanjiawang/zuozongming/project/003spider_monitor/aladdin_query_check/data/crawler_query.dict.sub_004_line=141_idx=280_sample] url[zg好声音\] downloading is failed, fail to load json string
INFO: 2015-06-10 17:30:17,194: crawl 8095 [aladdin_crawler.py:109] tid[8095_1] data_id[/home/users/ligang01/duanjiawang/zuozongming/project/003spider_monitor/aladdin_query_check/data/crawler_query.dict.sub_006_line=151_idx=300_sample] url[奔跑八兄弟] is processed
WARNING: 2015-06-10 17:30:18,088: crawl 8097 [aladdin_crawler.py:102] data_id[/home/users/ligang01/duanjiawang/zuozongming/project/003spider_monitor/aladdin_query_check/data/crawler_query.dict.sub_007_line=149_idx=297_online] url[生命源] downloading is failed, fail to load json string
INFO: 2015-06-10 17:30:18,712: crawl 8099 [aladdin_crawler.py:109] tid[8099_1] data_id[/home/users/ligang01/duanjiawang/zuozongming/project/003spider_monitor/aladdin_query_check/data/crawler_query.dict.sub_008_line=151_idx=300_sample] url[暴走大时间] is processed
INFO: 2015-06-10 17:30:18,908: crawl 8097 [aladdin_crawler.py:109] tid[8097_0] data_id[/home/users/ligang01/duanjiawang/zuozongming/project/003spider_monitor/aladdin_query_check/data/crawler_query.dict.sub_007_line=151_idx=300_sample] url[shengmingyuan] is processed
INFO: 2015-06-10 17:30:18,952: crawl 8085 [aladdin_crawler.py:109] tid[8085_2] data_id[/home/users/ligang01/duanjiawang/zuozongming/project/003spider_monitor/aladdin_query_check/data/crawler_query.dict.sub_001_line=151_idx=300_sample] url[最美和声直播] is processed
INFO: 2015-06-10 17:30:19,955: crawl 8091 [aladdin_crawler.py:109] tid[8091_1] data_id[/home/users/ligang01/duanjiawang/zuozongming/project/003spider_monitor/aladdin_query_check/data/crawler_query.dict.sub_004_line=151_idx=300_sample] url[中国好声音 假如] is processed
INFO: 2015-06-10 17:30:20,665: crawl 8089 [aladdin_crawler.py:109] tid[8089_2] data_id[/home/users/ligang01/duanjiawang/zuozongming/project/003spider_monitor/aladdin_query_check/data/crawler_query.dict.sub_003_line=151_idx=300_sample] url[中国梦想季] is processed
INFO: 2015-06-10 17:30:21,074: crawl 8101 [aladdin_crawler.py:109] tid[8101_2] data_id[/home/users/ligang01/duanjiawang/zuozongming/project/003spider_monitor/aladdin_query_check/data/crawler_query.dict.sub_009_line=151_idx=300_sample] url[江苏电视台 最强大脑] is processed
WARNING: 2015-06-10 17:30:21,878: crawl 8087 [aladdin_crawler.py:102] data_id[/home/users/ligang01/duanjiawang/zuozongming/project/003spider_monitor/aladdin_query_check/data/crawler_query.dict.sub_002_line=175_idx=348_sample] url[tf少年go!] downloading is failed, fail to load json string
WARNING: 2015-06-10 17:30:21,918: crawl 8101 [aladdin_crawler.py:102] data_id[/home/users/ligang01/duanjiawang/zuozongming/project/003spider_monitor/aladdin_query_check/data/crawler_query.dict.sub_009_line=155_idx=308_sample] url[《最强大脑》] downloading is failed, fail to load json string
WARNING: 2015-06-10 17:30:22,303: crawl 8087 [aladdin_crawler.py:102] data_id[/home/users/ligang01/duanjiawang/zuozongming/project/003spider_monitor/aladdin_query_check/data/crawler_query.dict.sub_002_line=176_idx=350_sample] url[tf少年go] downloading is failed, fail to load json string
INFO: 2015-06-10 17:30:24,719: crawl 8093 [aladdin_crawler.py:109] tid[8093_0] data_id[/home/users/ligang01/duanjiawang/zuozongming/project/003spider_monitor/aladdin_query_check/data/crawler_query.dict.sub_005_line=151_idx=300_sample] url[pptv奔跑吧兄弟] is processed
WARNING: 2015-06-10 17:30:25,222: crawl 8095 [aladdin_crawler.py:102] data_id[/home/users/ligang01/duanjiawang/zuozongming/project/003spider_monitor/aladdin_query_check/data/crawler_query.dict.sub_006_line=175_idx=348_sample] url[>奔跑吧兄弟] downloading is failed, fail to load json string
WARNING: 2015-06-10 17:30:25,960: crawl 8093 [aladdin_crawler.py:102] data_id[/home/users/ligang01/duanjiawang/zuozongming/project/003spider_monitor/aladdin_query_check/data/crawler_query.dict.sub_005_line=152_idx=302_sample] url[奔跑吧兄弟\] downloading is failed, fail to load json string
WARNING: 2015-06-10 17:30:26,037: crawl 8097 [aladdin_crawler.py:102] data_id[/home/users/ligang01/duanjiawang/zuozongming/project/003spider_monitor/aladdin_query_check/data/crawler_query.dict.sub_007_line=174_idx=347_online] url[出彩中国人] downloading is failed, fail to load json string
WARNING: 2015-06-10 17:30:26,177: crawl 8093 [aladdin_crawler.py:102] data_id[/home/users/ligang01/duanjiawang/zuozongming/project/003spider_monitor/aladdin_query_check/data/crawler_query.dict.sub_005_line=152_idx=303_online] url[奔跑吧兄弟\] downloading is failed, fail to load json string
INFO: 2015-06-10 17:30:26,805: crawl 8083 [aladdin_crawler.py:109] tid[8083_0] data_id[/home/users/ligang01/duanjiawang/zuozongming/project/003spider_monitor/aladdin_query_check/data/crawler_query.dict.sub_000_line=1_idx=0_sample] url[这不是大学] is processed
INFO: 2015-06-10 17:30:27,260: crawl 8087 [aladdin_crawler.py:109] tid[8087_0] data_id[/home/users/ligang01/duanjiawang/zuozongming/project/003spider_monitor/aladdin_query_check/data/crawler_query.dict.sub_002_line=1_idx=0_sample] url[花儿与少年在线观看] is processed
INFO: 2015-06-10 17:30:28,169: crawl 8099 [aladdin_crawler.py:109] tid[8099_1] data_id[/home/users/ligang01/duanjiawang/zuozongming/project/003spider_monitor/aladdin_query_check/data/crawler_query.dict.sub_008_line=1_idx=0_sample] url[roommate 第三季] is processed
WARNING: 2015-06-10 17:30:29,222: crawl 8101 [aladdin_crawler.py:102] data_id[/home/users/ligang01/duanjiawang/zuozongming/project/003spider_monitor/aladdin_query_check/data/crawler_query.dict.sub_009_line=175_idx=349_online] url[nanzuonvy] downloading is failed, fail to load json string
INFO: 2015-06-10 17:30:29,318: crawl 8095 [aladdin_crawler.py:109] tid[8095_1] data_id[/home/users/ligang01/duanjiawang/zuozongming/project/003spider_monitor/aladdin_query_check/data/crawler_query.dict.sub_006_line=1_idx=0_sample] url[奔跑步吧兄弟] is processed
WARNING: 2015-06-10 17:30:29,628: crawl 8089 [aladdin_crawler.py:102] data_id[/home/users/ligang01/duanjiawang/zuozongming/project/003spider_monitor/aladdin_query_check/data/crawler_query.dict.sub_003_line=173_idx=344_sample] url[中国梦想秀\] downloading is failed, fail to load json string
WARNING: 2015-06-10 17:30:29,753: crawl 8089 [aladdin_crawler.py:102] data_id[/home/users/ligang01/duanjiawang/zuozongming/project/003spider_monitor/aladdin_query_check/data/crawler_query.dict.sub_003_line=173_idx=345_online] url[中国梦想秀\] downloading is failed, fail to load json string
INFO: 2015-06-10 17:30:30,660: crawl 8097 [aladdin_crawler.py:109] tid[8097_0] data_id[/home/users/ligang01/duanjiawang/zuozongming/project/003spider_monitor/aladdin_query_check/data/crawler_query.dict.sub_007_line=1_idx=0_sample] url[爱奇艺 奔跑吧兄弟] is processed
INFO: 2015-06-10 17:30:33,920: crawl 8091 [aladdin_crawler.py:109] tid[8091_0] data_id[/home/users/ligang01/duanjiawang/zuozongming/project/003spider_monitor/aladdin_query_check/data/crawler_query.dict.sub_004_line=1_idx=0_sample] url[中国梦想秀2015全集] is processed
INFO: 2015-06-10 17:30:34,301: crawl 8101 [aladdin_crawler.py:109] tid[8101_0] data_id[/home/users/ligang01/duanjiawang/zuozongming/project/003spider_monitor/aladdin_query_check/data/crawler_query.dict.sub_009_line=1_idx=0_sample] url[暴走到时见] is processed
WARNING: 2015-06-10 17:30:34,879: crawl 8097 [aladdin_crawler.py:102] data_id[/home/users/ligang01/duanjiawang/zuozongming/project/003spider_monitor/aladdin_query_check/data/crawler_query.dict.sub_007_line=29_idx=56_sample] url[跑男\] downloading is failed, fail to load json string
WARNING: 2015-06-10 17:30:35,018: crawl 8097 [aladdin_crawler.py:102] data_id[/home/users/ligang01/duanjiawang/zuozongming/project/003spider_monitor/aladdin_query_check/data/crawler_query.dict.sub_007_line=29_idx=57_online] url[跑男\] downloading is failed, fail to load json string
INFO: 2015-06-10 17:30:35,155: crawl 8089 [aladdin_crawler.py:109] tid[8089_2] data_id[/home/users/ligang01/duanjiawang/zuozongming/project/003spider_monitor/aladdin_query_check/data/crawler_query.dict.sub_003_line=1_idx=0_sample] url[tf少年go] is processed
INFO: 2015-06-10 17:30:35,496: crawl 8085 [aladdin_crawler.py:109] tid[8085_1] data_id[/home/users/ligang01/duanjiawang/zuozongming/project/003spider_monitor/aladdin_query_check/data/crawler_query.dict.sub_001_line=1_idx=0_sample] url[亲爸爸回来了] is processed
INFO: 2015-06-10 17:30:36,338: crawl 8083 [aladdin_crawler.py:109] tid[8083_0] data_id[/home/users/ligang01/duanjiawang/zuozongming/project/003spider_monitor/aladdin_query_check/data/crawler_query.dict.sub_000_line=51_idx=100_sample] url[爸爸回] is processed
WARNING: 2015-06-10 17:30:37,506: crawl 8087 [aladdin_crawler.py:102] data_id[/home/users/ligang01/duanjiawang/zuozongming/project/003spider_monitor/aladdin_query_check/data/crawler_query.dict.sub_002_line=46_idx=90_sample] url[花儿与少年直播] downloading is failed, fail to load json string
INFO: 2015-06-10 17:30:39,278: crawl 8099 [aladdin_crawler.py:109] tid[8099_2] data_id[/home/users/ligang01/duanjiawang/zuozongming/project/003spider_monitor/aladdin_query_check/data/crawler_query.dict.sub_008_line=51_idx=100_sample] url[握手歌手] is processed
WARNING: 2015-06-10 17:30:39,480: crawl 8097 [aladdin_crawler.py:102] data_id[/home/users/ligang01/duanjiawang/zuozongming/project/003spider_monitor/aladdin_query_check/data/crawler_query.dict.sub_007_line=42_idx=82_sample] url[跑男吧兄弟] downloading is failed, fail to load json string
INFO: 2015-06-10 17:30:39,499: crawl 8087 [aladdin_crawler.py:109] tid[8087_0] data_id[/home/users/ligang01/duanjiawang/zuozongming/project/003spider_monitor/aladdin_query_check/data/crawler_query.dict.sub_002_line=51_idx=100_sample] url[霍尔与少年] is processed
WARNING: 2015-06-10 17:30:39,591: crawl 8101 [aladdin_crawler.py:102] data_id[/home/users/ligang01/duanjiawang/zuozongming/project/003spider_monitor/aladdin_query_check/data/crawler_query.dict.sub_009_line=32_idx=62_sample] url[2天1夜韩国版] downloading is failed, fail to load json string
WARNING: 2015-06-10 17:30:39,766: crawl 8083 [aladdin_crawler.py:102] data_id[/home/users/ligang01/duanjiawang/zuozongming/project/003spider_monitor/aladdin_query_check/data/crawler_query.dict.sub_000_line=61_idx=121_online] url[爸爸回来了\] downloading is failed, fail to load json string
INFO: 2015-06-10 17:30:41,623: crawl 8095 [aladdin_crawler.py:109] tid[8095_0] data_id[/home/users/ligang01/duanjiawang/zuozongming/project/003spider_monitor/aladdin_query_check/data/crawler_query.dict.sub_006_line=51_idx=100_sample] url[benpaobaxiogndi] is processed
WARNING: 2015-06-10 17:30:42,874: crawl 8101 [aladdin_crawler.py:102] data_id[/home/users/ligang01/duanjiawang/zuozongming/project/003spider_monitor/aladdin_query_check/data/crawler_query.dict.sub_009_line=43_idx=84_sample] url[韩国两天一夜] downloading is failed, fail to load json string
INFO: 2015-06-10 17:30:43,814: crawl 8097 [aladdin_crawler.py:109] tid[8097_1] data_id[/home/users/ligang01/duanjiawang/zuozongming/project/003spider_monitor/aladdin_query_check/data/crawler_query.dict.sub_007_line=51_idx=100_sample] url[白跑吧兄弟] is processed
WARNING: 2015-06-10 17:30:44,728: crawl 8095 [aladdin_crawler.py:102] data_id[/home/users/ligang01/duanjiawang/zuozongming/project/003spider_monitor/aladdin_query_check/data/crawler_query.dict.sub_006_line=62_idx=122_sample] url[奔跑吧.] downloading is failed, fail to load json string
WARNING: 2015-06-10 17:30:44,932: crawl 8101 [aladdin_crawler.py:102] data_id[/home/users/ligang01/duanjiawang/zuozongming/project/003spider_monitor/aladdin_query_check/data/crawler_query.dict.sub_009_line=4_idx=7_online] url[暴走大事件2014] downloading is failed, fail to load json string
WARNING: 2015-06-10 17:30:45,318: crawl 8089 [aladdin_crawler.py:102] data_id[/home/users/ligang01/duanjiawang/zuozongming/project/003spider_monitor/aladdin_query_check/data/crawler_query.dict.sub_003_line=45_idx=89_online] url[安徽超级演说家] downloading is failed, fail to load json string
INFO: 2015-06-10 17:30:45,441: crawl 8101 [aladdin_crawler.py:109] tid[8101_2] data_id[/home/users/ligang01/duanjiawang/zuozongming/project/003spider_monitor/aladdin_query_check/data/crawler_query.dict.sub_009_line=51_idx=100_sample] url[两天一夜韩版2014] is processed
INFO: 2015-06-10 17:30:46,307: crawl 8091 [aladdin_crawler.py:109] tid[8091_2] data_id[/home/users/ligang01/duanjiawang/zuozongming/project/003spider_monitor/aladdin_query_check/data/crawler_query.dict.sub_004_line=51_idx=100_sample] url[妈妈咪呀2015] is processed
INFO: 2015-06-10 17:30:47,078: crawl 8089 [aladdin_crawler.py:109] tid[8089_2] data_id[/home/users/ligang01/duanjiawang/zuozongming/project/003spider_monitor/aladdin_query_check/data/crawler_query.dict.sub_003_line=51_idx=100_sample] url[.超级演说家] is processed
INFO: 2015-06-10 17:30:47,319: crawl 8085 [aladdin_crawler.py:109] tid[8085_2] data_id[/home/users/ligang01/duanjiawang/zuozongming/project/003spider_monitor/aladdin_query_check/data/crawler_query.dict.sub_001_line=51_idx=100_sample] url[babaqunaer] is processed
WARNING: 2015-06-10 17:30:48,997: crawl 8087 [aladdin_crawler.py:102] data_id[/home/users/ligang01/duanjiawang/zuozongming/project/003spider_monitor/aladdin_query_check/data/crawler_query.dict.sub_002_line=79_idx=156_sample] url[花儿与姐姐] downloading is failed, fail to load json string
WARNING: 2015-06-10 17:30:51,210: crawl 8099 [aladdin_crawler.py:102] data_id[/home/users/ligang01/duanjiawang/zuozongming/project/003spider_monitor/aladdin_query_check/data/crawler_query.dict.sub_008_line=81_idx=161_online] url[哦是歌手] downloading is failed, fail to load json string
WARNING: 2015-06-10 17:30:51,871: crawl 8091 [aladdin_crawler.py:102] data_id[/home/users/ligang01/duanjiawang/zuozongming/project/003spider_monitor/aladdin_query_check/data/crawler_query.dict.sub_004_line=65_idx=128_sample] url[妈妈咪啊] downloading is failed, fail to load json string
WARNING: 2015-06-10 17:30:54,140: crawl 8099 [aladdin_crawler.py:102] data_id[/home/users/ligang01/duanjiawang/zuozongming/project/003spider_monitor/aladdin_query_check/data/crawler_query.dict.sub_008_line=90_idx=178_sample] url[综艺节目我为喜剧狂] downloading is failed, fail to load json string
INFO: 2015-06-10 17:30:54,241: crawl 8083 [aladdin_crawler.py:540] crawler finishes crawling
WARNING: 2015-06-10 17:30:54,760: crawl 8089 [aladdin_crawler.py:102] data_id[/home/users/ligang01/duanjiawang/zuozongming/project/003spider_monitor/aladdin_query_check/data/crawler_query.dict.sub_003_line=70_idx=139_online] url[安徽卫视超级演说家] downloading is failed, fail to load json string
INFO: 2015-06-10 17:30:55,308: crawl 8093 [aladdin_crawler.py:109] tid[8093_2] data_id[/home/users/ligang01/duanjiawang/zuozongming/project/003spider_monitor/aladdin_query_check/data/crawler_query.dict.sub_005_line=1_idx=0_sample] url[中欧好声音] is processed
WARNING: 2015-06-10 17:30:56,662: crawl 8097 [aladdin_crawler.py:102] data_id[/home/users/ligang01/duanjiawang/zuozongming/project/003spider_monitor/aladdin_query_check/data/crawler_query.dict.sub_007_line=87_idx=172_sample] url[奔跑吧兄弟 爱奇艺] downloading is failed, fail to load json string
WARNING: 2015-06-10 17:30:56,797: crawl 8095 [aladdin_crawler.py:102] data_id[/home/users/ligang01/duanjiawang/zuozongming/project/003spider_monitor/aladdin_query_check/data/crawler_query.dict.sub_006_line=95_idx=189_online] url[浙江卫视奔跑吧兄弟] downloading is failed, fail to load json string
INFO: 2015-06-10 17:30:57,253: crawl 8087 [aladdin_crawler.py:540] crawler finishes crawling
INFO: 2015-06-10 17:30:57,319: crawl 8099 [aladdin_crawler.py:540] crawler finishes crawling
WARNING: 2015-06-10 17:30:57,902: crawl 8101 [aladdin_crawler.py:102] data_id[/home/users/ligang01/duanjiawang/zuozongming/project/003spider_monitor/aladdin_query_check/data/crawler_query.dict.sub_009_line=80_idx=158_sample] url[韩国二天一夜] downloading is failed, fail to load json string
WARNING: 2015-06-10 17:30:58,621: crawl 8101 [aladdin_crawler.py:102] data_id[/home/users/ligang01/duanjiawang/zuozongming/project/003spider_monitor/aladdin_query_check/data/crawler_query.dict.sub_009_line=82_idx=162_sample] url[韩国两天一夜李瑞镇] downloading is failed, fail to load json string
INFO: 2015-06-10 17:30:58,751: crawl 8095 [aladdin_crawler.py:540] crawler finishes crawling
WARNING: 2015-06-10 17:31:01,501: crawl 8089 [aladdin_crawler.py:102] data_id[/home/users/ligang01/duanjiawang/zuozongming/project/003spider_monitor/aladdin_query_check/data/crawler_query.dict.sub_003_line=8_idx=15_online] url[tf少年go全集] downloading is failed, fail to load json string
INFO: 2015-06-10 17:31:02,987: crawl 8097 [aladdin_crawler.py:540] crawler finishes crawling
INFO: 2015-06-10 17:31:03,777: crawl 8091 [aladdin_crawler.py:540] crawler finishes crawling
INFO: 2015-06-10 17:31:05,157: crawl 8089 [aladdin_crawler.py:540] crawler finishes crawling
INFO: 2015-06-10 17:31:05,381: crawl 8101 [aladdin_crawler.py:540] crawler finishes crawling
INFO: 2015-06-10 17:31:07,063: crawl 8085 [aladdin_crawler.py:540] crawler finishes crawling
INFO: 2015-06-10 17:31:07,409: crawl 8093 [aladdin_crawler.py:109] tid[8093_1] data_id[/home/users/ligang01/duanjiawang/zuozongming/project/003spider_monitor/aladdin_query_check/data/crawler_query.dict.sub_005_line=51_idx=100_sample] url[跑男在线直播] is processed
WARNING: 2015-06-10 17:31:16,911: crawl 8093 [aladdin_crawler.py:102] data_id[/home/users/ligang01/duanjiawang/zuozongming/project/003spider_monitor/aladdin_query_check/data/crawler_query.dict.sub_005_line=75_idx=149_online] url[benpanba] downloading is failed, fail to load json string
WARNING: 2015-06-10 17:31:20,144: crawl 8093 [aladdin_crawler.py:102] data_id[/home/users/ligang01/duanjiawang/zuozongming/project/003spider_monitor/aladdin_query_check/data/crawler_query.dict.sub_005_line=84_idx=166_sample] url[奔跑吧兄弟\] downloading is failed, fail to load json string
WARNING: 2015-06-10 17:31:20,512: crawl 8093 [aladdin_crawler.py:102] data_id[/home/users/ligang01/duanjiawang/zuozongming/project/003spider_monitor/aladdin_query_check/data/crawler_query.dict.sub_005_line=84_idx=167_online] url[奔跑吧兄弟\] downloading is failed, fail to load json string
INFO: 2015-06-10 17:31:25,005: crawl 8093 [aladdin_crawler.py:540] crawler finishes crawling
