crawler_conf_path=../conf/crawler.conf
query_file_path=/home/users/ligang01/duanjiawang/zuozongming/project/003spider_monitor/aladdin_update_monitor/data/crawler_query.dict
result_file_path=/home/users/ligang01/duanjiawang/zuozongming/project/003spider_monitor/aladdin_update_monitor/data/crawler_result.dict
now line_counter = 1
url字段变动
new_url[http://tv.cntv.cn/video/C10406/c7a865831c2845f2bf02c9a1540afc80] old_url[http://cctv.cntv.cn/lm/tianxiazuqiu/index.shtml]
now line_counter = 1
now line_counter = 2
now line_counter = 2
now line_counter = 3
now line_counter = 3
抓取恢复

now line_counter = 4
now line_counter = 4
now line_counter = 5
now line_counter = 5
铁齿铜牙纪晓岚第二部 not display
铁齿铜牙纪晓岚第二部 not display
抓取失败
fail to load json string
now line_counter = 6
now line_counter = 6
now line_counter = 7
now line_counter = 7
now line_counter = 8
now line_counter = 8
now line_counter = 9
now line_counter = 9
now line_counter = 10
now line_counter = 10
now line_counter = 11
now line_counter = 11
now line_counter = 12
now line_counter = 12
now line_counter = 13
now line_counter = 13
now line_counter = 14
now line_counter = 14
now line_counter = 15
now line_counter = 15
now line_counter = 16
now line_counter = 16
now line_counter = 17
now line_counter = 17
now line_counter = 18
now line_counter = 18
香港金像奖 not display
香港金像奖 not display
now line_counter = 19
now line_counter = 19
now line_counter = 20
now line_counter = 20
我是传奇 not display
我是传奇 not display
now line_counter = 21
now line_counter = 21
now line_counter = 22
now line_counter = 22
now line_counter = 23
now line_counter = 23
now line_counter = 24
now line_counter = 24
now line_counter = 25
now line_counter = 25
now line_counter = 26
now line_counter = 26
now line_counter = 27
now line_counter = 27
now line_counter = 28
now line_counter = 28
抓取恢复

now line_counter = 29
now line_counter = 29
now line_counter = 30
now line_counter = 30
now line_counter = 31
now line_counter = 31
now line_counter = 32
now line_counter = 32
now line_counter = 33
now line_counter = 33
抓取恢复

now line_counter = 34
now line_counter = 34
now line_counter = 35
now line_counter = 35
now line_counter = 36
now line_counter = 36
now line_counter = 37
now line_counter = 37
now line_counter = 38
now line_counter = 38
now line_counter = 39
now line_counter = 39
now line_counter = 40
now line_counter = 40
在地下城寻求邂逅是否搞错了什么 not display
在地下城寻求邂逅是否搞错了什么 not display
now line_counter = 41
now line_counter = 41
now line_counter = 42
now line_counter = 42
now line_counter = 43
now line_counter = 43
now line_counter = 44
now line_counter = 44
now line_counter = 45
now line_counter = 45
奔跑吧兄弟第一季 not display
奔跑吧兄弟第一季 not display
now line_counter = 46
now line_counter = 46
now line_counter = 47
那年那兔那些事儿 not display
那年那兔那些事儿 not display
抓取失败
fail to load json string
now line_counter = 47
now line_counter = 48
now line_counter = 48
now line_counter = 49
now line_counter = 49
now line_counter = 50
now line_counter = 50
now line_counter = 51
now line_counter = 51
now line_counter = 52
k not display
k not display
抓取失败
fail to load json string
now line_counter = 52
now line_counter = 53
url字段变动
new_url[http://cctv.cntv.cn/lm/baijiajiangtan/index.shtml] old_url[http://tv.cntv.cn/video/C10302/7a6a126930c04f5eb36c07b8c7093079]
now line_counter = 53
now line_counter = 54
now line_counter = 54
now line_counter = 55
now line_counter = 55
now line_counter = 56
now line_counter = 56
now line_counter = 57
红楼梦87版全集 not display
红楼梦87版全集 not display
抓取失败
fail to load json string
now line_counter = 57
position字段变动
new_position[1] old_position[0]
now line_counter = 58
now line_counter = 58
now line_counter = 59
now line_counter = 59
now line_counter = 60
now line_counter = 60
now line_counter = 61
now line_counter = 61
抓取恢复

now line_counter = 62
now line_counter = 62
now line_counter = 63
now line_counter = 63
now line_counter = 64
now line_counter = 64
now line_counter = 65
now line_counter = 65
now line_counter = 66
now line_counter = 66
now line_counter = 67
盗墓笔记电视剧 not display
盗墓笔记电视剧 not display
now line_counter = 67
盗墓笔记电视剧 not display
盗墓笔记电视剧 not display
now line_counter = 68
now line_counter = 68
now line_counter = 69
now line_counter = 69
now line_counter = 70
now line_counter = 70
now line_counter = 71
now line_counter = 71
now line_counter = 72
now line_counter = 72
now line_counter = 73
now line_counter = 73
now line_counter = 74
now line_counter = 74
now line_counter = 75
now line_counter = 75
now line_counter = 76
now line_counter = 76
now line_counter = 77
now line_counter = 77
now line_counter = 78
now line_counter = 78
now line_counter = 79
now line_counter = 79
now line_counter = 80
now line_counter = 80
想明白了再结婚 not display
想明白了再结婚 not display
抓取失败
fail to load json string
now line_counter = 81
now line_counter = 81
now line_counter = 82
now line_counter = 82
now line_counter = 83
now line_counter = 83
now line_counter = 84
now line_counter = 84
now line_counter = 85
now line_counter = 85
now line_counter = 86
now line_counter = 86
now line_counter = 87
now line_counter = 87
now line_counter = 88
now line_counter = 88
now line_counter = 89
now line_counter = 89
now line_counter = 90
now line_counter = 90
now line_counter = 91
now line_counter = 91
now line_counter = 92
now line_counter = 92
now line_counter = 93
now line_counter = 93
now line_counter = 94
now line_counter = 94
now line_counter = 95
now line_counter = 95
now line_counter = 96
now line_counter = 96
now line_counter = 97
now line_counter = 97
今日关注 not display
今日关注 not display
now line_counter = 98
now line_counter = 98
now line_counter = 99
now line_counter = 99
now line_counter = 100
now line_counter = 100
now line_counter = 101
now line_counter = 101
now line_counter = 102
now line_counter = 102
now line_counter = 103
now line_counter = 103
now line_counter = 104
now line_counter = 104
刀剑神域 not display
刀剑神域 not display
now line_counter = 105
now line_counter = 105
now line_counter = 106
now line_counter = 106
爸爸去哪儿第二季 not display
爸爸去哪儿第二季 not display
now line_counter = 107
now line_counter = 107
now line_counter = 108
now line_counter = 108
now line_counter = 109
now line_counter = 109
position字段变动
new_position[0] old_position[1]
now line_counter = 110
now line_counter = 110
now line_counter = 111
now line_counter = 111
now line_counter = 112
now line_counter = 112
now line_counter = 113
now line_counter = 113
now line_counter = 114
now line_counter = 114
now line_counter = 115
now line_counter = 115
now line_counter = 116
now line_counter = 116
now line_counter = 117
now line_counter = 117
now line_counter = 118
now line_counter = 118
now line_counter = 119
now line_counter = 119
now line_counter = 120
now line_counter = 120
now line_counter = 121
now line_counter = 121
now line_counter = 122
now line_counter = 122
now line_counter = 123
now line_counter = 123
now line_counter = 124
now line_counter = 124
now line_counter = 125
now line_counter = 125
now line_counter = 126
now line_counter = 126
暗杀教室 not display
暗杀教室 not display
now line_counter = 127
now line_counter = 127
now line_counter = 128
now line_counter = 128
now line_counter = 129
now line_counter = 129
now line_counter = 130
now line_counter = 130
now line_counter = 131
now line_counter = 131
now line_counter = 132
now line_counter = 132
now line_counter = 133
now line_counter = 133
now line_counter = 134
now line_counter = 134
now line_counter = 135
now line_counter = 135
now line_counter = 136
now line_counter = 136
now line_counter = 137
now line_counter = 137
now line_counter = 138
now line_counter = 138
now line_counter = 139
position字段变动
new_position[3] old_position[9]
now line_counter = 139
position字段变动
new_position[3] old_position[9]
now line_counter = 140
now line_counter = 140
now line_counter = 141
now line_counter = 141
now line_counter = 142
now line_counter = 142
now line_counter = 143
now line_counter = 143
now line_counter = 144
now line_counter = 144
now line_counter = 145
now line_counter = 145
铠甲勇士3 not display
铠甲勇士3 not display
now line_counter = 146
now line_counter = 146
now line_counter = 147
now line_counter = 147
now line_counter = 148
now line_counter = 148
now line_counter = 149
抓取恢复

now line_counter = 149
now line_counter = 150
now line_counter = 150
now line_counter = 151
now line_counter = 151
now line_counter = 152
now line_counter = 152
now line_counter = 153
now line_counter = 153
now line_counter = 154
now line_counter = 154
now line_counter = 155
now line_counter = 155
抓取恢复

now line_counter = 156
url字段变动
new_url[http://v.baidu.com/tv/21737.htm?fr=ala6&ty=22] old_url[http://www.youku.com/show_page/id_z32da878000ff11e48b3f.html]
srcid字段变动
new_srcid[1] old_srcid[6869]
title字段变动
new_title[行尸走肉 第5季] old_title[行尸走肉第五季_高清视频在线观看_优酷]
tplt字段变动
new_tplt[vd_sitcom] old_tplt[zx_new_tvideo]
now line_counter = 156
now line_counter = 157
now line_counter = 157
now line_counter = 158
now line_counter = 158
now line_counter = 159
now line_counter = 159
now line_counter = 160
now line_counter = 160
now line_counter = 161
now line_counter = 161
position字段变动
new_position[1] old_position[0]
now line_counter = 162
now line_counter = 162
now line_counter = 163
now line_counter = 163
now line_counter = 164
now line_counter = 164
now line_counter = 165
now line_counter = 165
黑执事 not display
黑执事 not display
now line_counter = 166
now line_counter = 166
position字段变动
new_position[1] old_position[0]
now line_counter = 167
now line_counter = 167
now line_counter = 168
now line_counter = 168
now line_counter = 169
now line_counter = 169
now line_counter = 170
now line_counter = 170
now line_counter = 171
now line_counter = 171
now line_counter = 172
now line_counter = 172
now line_counter = 173
now line_counter = 173
now line_counter = 174
now line_counter = 174
now line_counter = 175
now line_counter = 175
now line_counter = 176
now line_counter = 176
now line_counter = 177
now line_counter = 177
如果爱 not display
如果爱 not display
抓取失败
fail to load json string
now line_counter = 178
now line_counter = 178
约会大作战 not display
约会大作战 not display
now line_counter = 179
now line_counter = 179
now line_counter = 180
now line_counter = 180
now line_counter = 181
now line_counter = 181
now line_counter = 182
now line_counter = 182
now line_counter = 183
now line_counter = 183
now line_counter = 184
now line_counter = 184
now line_counter = 185
now line_counter = 185
now line_counter = 186
now line_counter = 186
now line_counter = 187
now line_counter = 187
now line_counter = 188
now line_counter = 188
now line_counter = 189
now line_counter = 189
now line_counter = 190
now line_counter = 190
now line_counter = 191
now line_counter = 191
now line_counter = 192
now line_counter = 192
clannad not display
clannad not display
抓取恢复

now line_counter = 193
now line_counter = 193
不要恋爱要结婚 not display
不要恋爱要结婚 not display
抓取失败
fail to load json string
now line_counter = 194
now line_counter = 194
now line_counter = 195
now line_counter = 195
now line_counter = 196
now line_counter = 196
日在校园 not display
日在校园 not display
now line_counter = 197
now line_counter = 197
now line_counter = 198
now line_counter = 198
now line_counter = 199
now line_counter = 199
now line_counter = 200
now line_counter = 200
now line_counter = 201
now line_counter = 201
now line_counter = 202
now line_counter = 202
伪恋 not display
伪恋 not display
now line_counter = 203
now line_counter = 203
now line_counter = 204
now line_counter = 204
now line_counter = 205
now line_counter = 205
now line_counter = 206
now line_counter = 206
now line_counter = 207
now line_counter = 207
now line_counter = 208
now line_counter = 208
now line_counter = 209
now line_counter = 209
now line_counter = 210
now line_counter = 210
now line_counter = 211
now line_counter = 211
now line_counter = 212
now line_counter = 212
now line_counter = 213
now line_counter = 213
now line_counter = 214
now line_counter = 214
now line_counter = 215
now line_counter = 215
now line_counter = 216
now line_counter = 216
抓取恢复

now line_counter = 217
now line_counter = 217
now line_counter = 218
now line_counter = 218
now line_counter = 219
now line_counter = 219
now line_counter = 220
now line_counter = 220
now line_counter = 221
position字段变动
new_position[4] old_position[5]
now line_counter = 221
黑吃黑 not display
黑吃黑 not display
now line_counter = 222
now line_counter = 222
now line_counter = 223
now line_counter = 223
url字段变动
new_url[http://www.iqiyi.com/a_19rrhc0jcp.html?src=frbdaldjunest] old_url[http://v.baidu.com/tv/21631.htm?fr=ala6&ty=22]
srcid字段变动
new_srcid[13717] old_srcid[1]
title字段变动
new_title[战神_高清视频在线观看_爱奇艺] old_title[战神]
tplt字段变动
new_tplt[zx_tv_video] old_tplt[vd_sitcom]
now line_counter = 224
now line_counter = 224
植物大战僵尸 not display
植物大战僵尸 not display
now line_counter = 225
now line_counter = 225
now line_counter = 226
now line_counter = 226
now line_counter = 227
now line_counter = 227
now line_counter = 228
now line_counter = 228
now line_counter = 229
now line_counter = 229
now line_counter = 230
now line_counter = 230
now line_counter = 231
now line_counter = 231
now line_counter = 232
now line_counter = 232
now line_counter = 233
now line_counter = 233
now line_counter = 234
now line_counter = 234
now line_counter = 235
now line_counter = 235
now line_counter = 236
now line_counter = 236
now line_counter = 237
now line_counter = 237
真正男子汉 not display
真正男子汉 not display
now line_counter = 238
now line_counter = 238
now line_counter = 239
now line_counter = 239
now line_counter = 240
now line_counter = 240
now line_counter = 241
now line_counter = 241
now line_counter = 242
now line_counter = 242
now line_counter = 243
now line_counter = 243
now line_counter = 244
now line_counter = 244
now line_counter = 245
now line_counter = 245
now line_counter = 246
now line_counter = 246
now line_counter = 247
now line_counter = 247
now line_counter = 248
now line_counter = 248
now line_counter = 249
now line_counter = 249
now line_counter = 250
now line_counter = 250
now line_counter = 251
now line_counter = 251
now line_counter = 252
now line_counter = 252
url字段变动
new_url[http://v.baidu.com/tv/21648.htm?video_uri=tv.basic.000256.1411453222.0] old_url[http://v.baidu.com/tv/21648.htm?fr=ala6&ty=22]
srcid字段变动
new_srcid[20124] old_srcid[1]
title字段变动
new_title[哥谭(第1季)_高清视频在线观看_百度视频] old_title[哥谭]
position字段变动
new_position[0] old_position[1]
tplt字段变动
new_tplt[zx_tv_video] old_tplt[vd_sitcom]
now line_counter = 253
抓取恢复

now line_counter = 253
now line_counter = 254
now line_counter = 254
now line_counter = 255
now line_counter = 255
now line_counter = 256
now line_counter = 256
now line_counter = 257
now line_counter = 257
now line_counter = 258
now line_counter = 258
now line_counter = 259
now line_counter = 259
now line_counter = 260
now line_counter = 260
now line_counter = 261
now line_counter = 261
now line_counter = 262
now line_counter = 262
url字段变动
new_url[http://v.baidu.com/tv/22335.htm?fr=ala6&ty=22] old_url[http://v.baidu.com/tv/22335.htm?video_uri=tv.basic.002272.1425028959.0]
srcid字段变动
new_srcid[1] old_srcid[20124]
title字段变动
new_title[平凡的世界] old_title[平凡的世界_高清视频在线观看_百度视频]
tplt字段变动
new_tplt[vd_sitcom] old_tplt[zx_tv_video]
now line_counter = 263
now line_counter = 263
now line_counter = 264
now line_counter = 264
now line_counter = 265
now line_counter = 265
now line_counter = 266
now line_counter = 266
now line_counter = 267
now line_counter = 267
now line_counter = 268
now line_counter = 268
now line_counter = 269
now line_counter = 269
now line_counter = 270
now line_counter = 270
now line_counter = 271
now line_counter = 271
now line_counter = 272
now line_counter = 272
抓取恢复

now line_counter = 273
now line_counter = 273
now line_counter = 274
now line_counter = 274
now line_counter = 275
now line_counter = 275
now line_counter = 276
now line_counter = 276
now line_counter = 277
now line_counter = 277
now line_counter = 278
now line_counter = 278
抓取恢复

now line_counter = 279
now line_counter = 279
now line_counter = 280
now line_counter = 280
now line_counter = 281
now line_counter = 281
now line_counter = 282
now line_counter = 282
now line_counter = 283
now line_counter = 283
now line_counter = 284
now line_counter = 284
now line_counter = 285
now line_counter = 285
now line_counter = 286
now line_counter = 286
now line_counter = 287
position字段变动
new_position[4] old_position[3]
now line_counter = 287
now line_counter = 288
now line_counter = 288
now line_counter = 289
now line_counter = 289
now line_counter = 290
now line_counter = 290
now line_counter = 291
now line_counter = 291
now line_counter = 292
now line_counter = 292
now line_counter = 293
抓取恢复

now line_counter = 293
now line_counter = 294
now line_counter = 294
now line_counter = 295
now line_counter = 295
何以笙箫默 not display
何以笙箫默 not display
now line_counter = 296
now line_counter = 296
now line_counter = 297
now line_counter = 297
now line_counter = 298
春晚 not display
春晚 not display
now line_counter = 298
春晚 not display
春晚 not display
now line_counter = 299
now line_counter = 299
now line_counter = 300
now line_counter = 300
now line_counter = 301
now line_counter = 301
now line_counter = 302
now line_counter = 302
now line_counter = 303
now line_counter = 303
now line_counter = 304
now line_counter = 304
我是传奇2 not display
我是传奇2 not display
now line_counter = 305
now line_counter = 305
now line_counter = 306
now line_counter = 306
now line_counter = 307
now line_counter = 307
now line_counter = 308
now line_counter = 308
now line_counter = 309
now line_counter = 309
仙剑奇侠传1 not display
仙剑奇侠传1 not display
now line_counter = 310
url字段变动
new_url[http://v.baidu.com/show/1744.htm?fr=ala9&ty=26] old_url[http://www.wasu.cn/Play/show/id/4017642?refer=video.baidu.com]
srcid字段变动
new_srcid[1] old_srcid[6869]
title字段变动
new_title[英国达人秀] old_title[英国达人秀_全集高清视频在线观看_华数TV]
tplt字段变动
new_tplt[vd_tamasha] old_tplt[zx_new_mvideo]
now line_counter = 310
now line_counter = 311
now line_counter = 311
now line_counter = 312
now line_counter = 312
now line_counter = 313
now line_counter = 313
now line_counter = 314
now line_counter = 314
now line_counter = 315
now line_counter = 315
now line_counter = 316
now line_counter = 316
now line_counter = 317
now line_counter = 317
now line_counter = 318
now line_counter = 318
now line_counter = 319
url字段变动
new_url[http://v.baidu.com/tv/22373.htm?fr=ala6&ty=22] old_url[http://www.iqiyi.com/a_19rrhbze5h.html?vfm=2008_aldbd]
srcid字段变动
new_srcid[1] old_srcid[6869]
title字段变动
new_title[锦绣缘之华丽冒险] old_title[锦绣缘华丽冒险_高清视频在线观看_爱奇艺]
position字段变动
new_position[1] old_position[0]
tplt字段变动
new_tplt[vd_sitcom] old_tplt[zx_new_tvideo]
now line_counter = 319
now line_counter = 320
now line_counter = 320
now line_counter = 321
now line_counter = 321
now line_counter = 322
now line_counter = 322
now line_counter = 323
now line_counter = 323
now line_counter = 324
now line_counter = 324
now line_counter = 325
now line_counter = 325
now line_counter = 326
now line_counter = 326
now line_counter = 327
now line_counter = 327
now line_counter = 328
now line_counter = 328
now line_counter = 329
now line_counter = 329
超神游戏 not display
超神游戏 not display
now line_counter = 330
now line_counter = 330
now line_counter = 331
now line_counter = 331
now line_counter = 332
now line_counter = 332
now line_counter = 333
now line_counter = 333
now line_counter = 334
新网球王子 not display
新网球王子 not display
抓取失败
fail to load json string
now line_counter = 334
now line_counter = 335
now line_counter = 335
now line_counter = 336
now line_counter = 336
now line_counter = 337
now line_counter = 337
now line_counter = 338
now line_counter = 338
now line_counter = 339
now line_counter = 339
now line_counter = 340
now line_counter = 340
now line_counter = 341
now line_counter = 341
now line_counter = 342
now line_counter = 342
灰色的果实 not display
灰色的果实 not display
抓取失败
fail to load json string
now line_counter = 343
now line_counter = 343
now line_counter = 344
now line_counter = 344
now line_counter = 345
now line_counter = 345
now line_counter = 346
now line_counter = 346
now line_counter = 347
now line_counter = 347
境界触发者 not display
境界触发者 not display
now line_counter = 348
now line_counter = 348
now line_counter = 349
now line_counter = 349
now line_counter = 350
position字段变动
new_position[1] old_position[0]
now line_counter = 350
now line_counter = 351
now line_counter = 351
now line_counter = 352
now line_counter = 352
now line_counter = 353
星厨驾到 not display
星厨驾到 not display
抓取失败
fail to load json string
now line_counter = 353
now line_counter = 354
now line_counter = 354
城市猎人 not display
城市猎人 not display
抓取失败
fail to load json string
now line_counter = 355
now line_counter = 355
now line_counter = 356
now line_counter = 356
now line_counter = 357
now line_counter = 357
now line_counter = 358
now line_counter = 358
now line_counter = 359
now line_counter = 359
爱上超模 not display
爱上超模 not display
抓取失败
fail to load json string
now line_counter = 360
now line_counter = 360
now line_counter = 361
now line_counter = 361
now line_counter = 362
now line_counter = 362
now line_counter = 363
now line_counter = 363
now line_counter = 364
now line_counter = 364
now line_counter = 365
now line_counter = 365
now line_counter = 366
now line_counter = 366
now line_counter = 367
now line_counter = 367
now line_counter = 368
now line_counter = 368
now line_counter = 369
now line_counter = 369
now line_counter = 370
now line_counter = 370
抓取恢复

now line_counter = 371
now line_counter = 371
now line_counter = 372
now line_counter = 372
now line_counter = 373
now line_counter = 373
now line_counter = 374
now line_counter = 374
now line_counter = 375
now line_counter = 375
now line_counter = 376
恢复展现
结果恢复展现
now line_counter = 376
境界之轮回 not display
境界之轮回 not display
now line_counter = 377
now line_counter = 377
now line_counter = 378
now line_counter = 378
now line_counter = 379
now line_counter = 379
now line_counter = 380
now line_counter = 380
now line_counter = 381
now line_counter = 381
now line_counter = 382
now line_counter = 382
now line_counter = 383
now line_counter = 383
now line_counter = 384
now line_counter = 384
now line_counter = 385
now line_counter = 385
撸时代2 not display
撸时代2 not display
now line_counter = 386
now line_counter = 386
now line_counter = 387
now line_counter = 387
now line_counter = 388
now line_counter = 388
now line_counter = 389
now line_counter = 389
now line_counter = 390
now line_counter = 390
now line_counter = 391
now line_counter = 391
now line_counter = 392
now line_counter = 392
now line_counter = 393
now line_counter = 393
now line_counter = 394
now line_counter = 394
now line_counter = 395
now line_counter = 395
now line_counter = 396
综艺玩很大 not display
综艺玩很大 not display
抓取失败
fail to load json string
now line_counter = 396
now line_counter = 397
now line_counter = 397
now line_counter = 398
now line_counter = 398
now line_counter = 399
now line_counter = 399
士兵突击 not display
士兵突击 not display
抓取失败
fail to load json string
now line_counter = 400
now line_counter = 400
now line_counter = 401
now line_counter = 401
元气少女缘结神2 not display
元气少女缘结神2 not display
now line_counter = 402
now line_counter = 402
now line_counter = 403
now line_counter = 403
now line_counter = 404
now line_counter = 404
now line_counter = 405
now line_counter = 405
now line_counter = 406
now line_counter = 406
now line_counter = 407
now line_counter = 407
now line_counter = 408
now line_counter = 408
now line_counter = 409
now line_counter = 409
now line_counter = 410
now line_counter = 410
now line_counter = 411
now line_counter = 411
now line_counter = 412
now line_counter = 412
now line_counter = 413
now line_counter = 413
now line_counter = 414
now line_counter = 414
now line_counter = 415
now line_counter = 415
now line_counter = 416
now line_counter = 416
now line_counter = 417
now line_counter = 417
now line_counter = 418
now line_counter = 418
now line_counter = 419
now line_counter = 419
now line_counter = 420
now line_counter = 420
now line_counter = 421
now line_counter = 421
now line_counter = 422
now line_counter = 422
now line_counter = 423
now line_counter = 423
now line_counter = 424
now line_counter = 424
now line_counter = 425
now line_counter = 425
now line_counter = 426
now line_counter = 426
now line_counter = 427
now line_counter = 427
now line_counter = 428
now line_counter = 428
now line_counter = 429
now line_counter = 429
now line_counter = 430
now line_counter = 430
now line_counter = 431
now line_counter = 431
now line_counter = 432
now line_counter = 432
now line_counter = 433
now line_counter = 433
now line_counter = 434
now line_counter = 434
now line_counter = 435
now line_counter = 435
now line_counter = 436
now line_counter = 436
now line_counter = 437
now line_counter = 437
now line_counter = 438
now line_counter = 438
now line_counter = 439
now line_counter = 439
now line_counter = 440
now line_counter = 440
now line_counter = 441
我叫mt2 not display
我叫mt2 not display
now line_counter = 441
now line_counter = 442
now line_counter = 442
now line_counter = 443
now line_counter = 443
now line_counter = 444
now line_counter = 444
now line_counter = 445
now line_counter = 445
now line_counter = 446
now line_counter = 446
now line_counter = 447
now line_counter = 447
now line_counter = 448
now line_counter = 448
now line_counter = 449
now line_counter = 449
now line_counter = 450
now line_counter = 450
now line_counter = 451
now line_counter = 451
now line_counter = 452
now line_counter = 452
now line_counter = 453
now line_counter = 453
天线宝宝 not display
天线宝宝 not display
抓取失败
fail to load json string
now line_counter = 454
now line_counter = 454
now line_counter = 455
url字段变动
new_url[http://v.youku.com/v_show/id_XMzQ5MzQxNDA=.html] old_url[http://v.baidu.com/tv/18528.htm?fr=ala6&ty=22]
srcid字段变动
new_srcid[6869] old_srcid[1]
title字段变动
new_title[流星花园第二部_高清视频在线观看_优酷] old_title[流星花园]
position字段变动
new_position[1] old_position[2]
tplt字段变动
new_tplt[zx_new_tvideo] old_tplt[vd_sitcom]
now line_counter = 455
now line_counter = 456
now line_counter = 456
now line_counter = 457
now line_counter = 457
now line_counter = 458
now line_counter = 458
now line_counter = 459
now line_counter = 459
now line_counter = 460
now line_counter = 460
now line_counter = 461
now line_counter = 461
now line_counter = 462
now line_counter = 462
now line_counter = 463
now line_counter = 463
now line_counter = 464
now line_counter = 464
now line_counter = 465
now line_counter = 465
now line_counter = 466
now line_counter = 466
now line_counter = 467
now line_counter = 467
