[2015-04-24 13:28:56,570][DEBUG][main][line:39]:网球王子	新网球王子
[2015-04-24 13:28:56,570][DEBUG][main][line:39]:东京食尸鬼	东京食尸鬼2
[2015-04-24 13:28:56,570][DEBUG][main][line:39]:喜羊羊与灰太狼	None
[2015-04-24 13:28:56,571][DEBUG][main][line:39]:黑子的篮球	黑子的篮球3
[2015-04-24 13:28:56,571][DEBUG][main][line:39]:元气少女缘结神	元气少女缘结神2
[2015-04-24 13:28:56,571][DEBUG][main][line:39]:铠甲勇士	铠甲勇士3
[2015-04-24 13:28:56,571][DEBUG][main][line:39]:神奇宝贝	None
[2015-04-24 13:28:56,571][DEBUG][main][line:39]:倒霉熊	None
[2015-04-24 13:28:56,571][DEBUG][main][line:39]:海底小纵队	None
[2015-04-24 13:28:56,571][DEBUG][main][line:39]:隋唐英雄	None
[2015-04-24 13:28:56,571][DEBUG][main][line:39]:一起来看流星雨	None
[2015-04-24 13:28:56,571][DEBUG][main][line:39]:花红花火	None
[2015-04-24 13:28:56,571][DEBUG][main][line:39]:大宋提刑官	None
[2015-04-24 13:28:56,571][DEBUG][main][line:39]:fate zero	None
[2015-04-24 13:28:56,571][DEBUG][main][line:39]:神雕侠侣黄晓明版	None
[2015-04-24 13:28:56,572][DEBUG][main][line:39]:blood	None
[2015-04-24 13:28:56,572][DEBUG][main][line:39]:撸时代	撸时代2
[2015-04-24 13:28:56,572][DEBUG][main][line:39]:养生堂	None
[2015-04-24 13:28:56,572][DEBUG][main][line:39]:机甲旋风	None
[2015-04-24 13:28:56,572][DEBUG][main][line:39]:出包王女	None
[2015-04-24 13:28:56,572][DEBUG][main][line:39]:神医喜来乐	None
[2015-04-24 13:28:56,572][DEBUG][main][line:39]:rwby	None
[2015-04-24 13:28:56,572][DEBUG][main][line:39]:冰	None
[2015-04-24 13:28:56,572][DEBUG][main][line:39]:彩虹小马	None
[2015-04-24 13:28:56,572][DEBUG][main][line:39]:彼得兔	None
[2015-04-24 13:28:56,572][DEBUG][main][line:39]:真爱如血	None
[2015-04-24 13:28:56,572][DEBUG][main][line:39]:仁显王后的男人	None
[2015-04-24 13:28:56,572][DEBUG][main][line:39]:档案	None
[2015-04-24 13:28:56,572][DEBUG][main][line:39]:加菲猫	None
[2015-04-24 13:28:56,573][DEBUG][main][line:39]:封神英雄榜	封神英雄榜2
[2015-04-24 13:28:56,573][DEBUG][main][line:39]:湖南卫视小年夜	None
[2015-04-24 13:28:56,573][DEBUG][main][line:39]:卫子夫	None
[2015-04-24 13:28:56,573][DEBUG][main][line:39]:aldnoah zero	aldnoah zero2
[2015-04-24 13:28:56,573][DEBUG][main][line:39]:无头骑士异闻录	无头骑士异闻录2
[2015-04-24 13:28:56,573][DEBUG][main][line:39]:中二病也要谈恋爱	None
[2015-04-24 13:28:56,573][DEBUG][main][line:39]:行尸走肉	行尸走肉5
[2015-04-24 13:28:56,573][DEBUG][main][line:39]:大秦帝国	大秦帝国之纵横
[2015-04-24 13:28:56,573][DEBUG][main][line:39]:2015湖南卫视春节联欢晚会	None
[2015-04-24 13:28:56,573][DEBUG][main][line:39]:hellsing	None
[2015-04-24 13:28:56,573][DEBUG][main][line:39]:侍战队真剑者	None
[2015-04-24 13:28:56,573][DEBUG][main][line:39]:学园默示录	None
[2015-04-24 13:28:56,574][DEBUG][main][line:39]:我和僵尸有个约会	None
[2015-04-24 13:28:56,574][DEBUG][main][line:39]:湖南卫视春节联欢晚会2015	None
[2015-04-24 13:28:56,574][DEBUG][main][line:39]:变形金刚动画片国语全集	None
[2015-04-24 13:28:56,574][DEBUG][main][line:39]:迷失	None
[2015-04-24 13:28:56,574][DEBUG][main][line:39]:死亡代理人	None
[2015-04-24 13:28:56,574][DEBUG][main][line:39]:两天一夜韩国	None
[2015-04-24 13:28:56,574][DEBUG][main][line:39]:高达创战者	None
[2015-04-24 13:28:56,574][DEBUG][main][line:39]:中华好诗词	None
[2015-04-24 13:28:56,574][DEBUG][main][line:39]:神雕侠侣	None
[2015-04-24 13:28:56,574][DEBUG][main][line:39]:权力的游戏	None
[2015-04-24 13:28:56,574][DEBUG][main][line:39]:蜗居	None
[2015-04-24 13:28:56,574][DEBUG][main][line:39]:巴拉拉小魔仙	None
[2015-04-24 13:28:56,574][DEBUG][main][line:39]:飙速宅男	None
[2015-04-24 13:28:56,575][DEBUG][main][line:39]:老友记	老友记10
[2015-04-24 13:28:56,575][DEBUG][main][line:39]:福尔摩斯	基本演绎法第三季
[2015-04-24 13:28:56,575][DEBUG][main][line:39]:奥特曼	None
[2015-04-24 13:28:56,575][DEBUG][main][line:39]:地狱之歌	None
[2015-04-24 13:28:56,575][DEBUG][main][line:39]:我的青春恋爱物语果然有问题	我的青春恋爱物语果然有问题2
[2015-04-24 13:28:56,575][DEBUG][main][line:39]:歌之王子殿下	歌之王子殿下3
[2015-04-24 13:28:56,575][DEBUG][main][line:39]:小小智慧树2014全集播放	小小智慧树
[2015-04-24 13:28:56,575][DEBUG][main][line:39]:德甲	None
[2015-04-24 13:28:56,575][DEBUG][main][line:39]:大宅门	None
[2015-04-24 13:28:56,575][DEBUG][main][line:39]:权力的游戏第一季	None
[2015-04-24 13:28:56,575][DEBUG][main][line:39]:一周的偶像	None
[2015-04-24 13:28:56,575][DEBUG][main][line:39]:happy together	None
[2015-04-24 13:28:56,575][DEBUG][main][line:39]:怪盗基德	None
[2015-04-24 13:28:56,576][DEBUG][main][line:39]:仙剑奇侠传	None
[2015-04-24 13:28:56,576][DEBUG][main][line:39]:爱回家	None
[2015-04-24 13:28:56,576][DEBUG][main][line:39]:春节联欢晚会	None
[2015-04-24 13:28:56,576][DEBUG][main][line:39]:地球百子	None
[2015-04-24 13:28:56,576][DEBUG][main][line:39]:美少女战士	None
[2015-04-24 13:28:56,576][DEBUG][main][line:39]:霹雳开天记之创神篇下阕	None
[2015-04-24 13:28:56,576][DEBUG][main][line:39]:秦时明月	秦时明月君临天下
[2015-04-24 13:28:56,576][DEBUG][main][line:39]:jojo的奇妙冒险	None
[2015-04-24 13:28:56,576][DEBUG][main][line:39]:超神学院第二季	None
[2015-04-24 13:28:56,576][DEBUG][main][line:39]:元宵喜乐会	None
[2015-04-24 13:28:56,576][DEBUG][main][line:39]:噗通噗通的良心	None
[2015-04-24 13:28:56,576][DEBUG][main][line:39]:兵变1929	None
[2015-04-24 13:28:56,577][DEBUG][main][line:39]:男神女神	None
[2015-04-24 13:28:56,577][DEBUG][main][line:39]:隋唐英雄5	隋唐英雄5TV版
[2015-04-24 13:28:56,577][DEBUG][main][line:39]:石敢当	None
[2015-04-24 13:28:56,577][DEBUG][main][line:39]:老梁观世界	None
[2015-04-24 13:28:56,577][DEBUG][main][line:39]:今日说法	None
[2015-04-24 13:28:56,577][DEBUG][main][line:39]:光之美少女	None
[2015-04-24 13:28:56,577][DEBUG][main][line:39]:亚冠	None
[2015-04-24 13:28:56,577][DEBUG][main][line:39]:杨澜访谈录	None
[2015-04-24 13:28:56,577][DEBUG][main][line:39]:大村官之放飞梦想	None
[2015-04-24 13:28:56,577][DEBUG][main][line:39]:伊芙蕾雅	None
[2015-04-24 13:28:56,577][DEBUG][main][line:39]:犬夜叉	None
[2015-04-24 13:28:56,577][DEBUG][main][line:39]:oh my baby	None
[2015-04-24 13:28:56,577][DEBUG][main][line:39]:神探狄仁杰第一部	None
[2015-04-24 13:28:56,578][DEBUG][main][line:39]:wwe	None
[2015-04-24 13:28:56,578][DEBUG][main][line:39]:花样姐姐	None
[2015-04-24 13:28:56,578][DEBUG][main][line:39]:少年四大名捕	None
[2015-04-24 13:28:56,578][DEBUG][main][line:39]:劲舞青春 电视剧	None
[2015-04-24 13:28:56,578][DEBUG][main][line:39]:别让我看见	None
[2015-04-24 13:28:56,578][DEBUG][main][line:39]:火力少年王之传奇再现	None
[2015-04-24 13:28:56,578][DEBUG][main][line:39]:风云	None
[2015-04-24 13:28:56,578][DEBUG][main][line:39]:舰队collection动画	None
[2015-04-24 13:28:56,578][DEBUG][main][line:39]:黑名单	None
[2015-04-24 13:28:56,578][DEBUG][main][line:39]:黑塔利亚	None
[2015-04-24 13:28:56,578][DEBUG][main][line:39]:非常完美	None
[2015-04-24 13:28:56,578][DEBUG][main][line:39]:无耻之徒	None
[2015-04-24 13:28:56,578][DEBUG][main][line:39]:黄金拼图	黄金拼图2
[2015-04-24 13:28:56,579][DEBUG][main][line:39]:网球优等生	网球优等生2
[2015-04-24 13:28:56,579][DEBUG][main][line:39]:回家的诱惑	None
